  main.cpp
D:\Downloads\Fishing Game\Fishing Game\sphere.h(177,26): warning C4244: 'initializing': conversion from 'double' to 'float', possible loss of data
D:\Downloads\Fishing Game\Fishing Game\sphere.h(178,25): warning C4244: 'initializing': conversion from 'double' to 'float', possible loss of data
D:\Downloads\Fishing Game\Fishing Game\sphere.h(180,26): warning C4244: 'initializing': conversion from 'double' to 'float', possible loss of data
D:\Downloads\Fishing Game\Fishing Game\cylinder.h(149,24): warning C4101: 'normalX': unreferenced local variable
D:\Downloads\Fishing Game\Fishing Game\cylinder.h(149,33): warning C4101: 'normalY': unreferenced local variable
D:\Downloads\Fishing Game\Fishing Game\cylinder.h(149,18): warning C4101: 'y': unreferenced local variable
D:\Downloads\Fishing Game\Fishing Game\cylinder.h(149,42): warning C4101: 'normalZ': unreferenced local variable
D:\Downloads\Fishing Game\Fishing Game\main.cpp(171,13): warning C4305: 'initializing': truncation from 'double' to 'float'
D:\Downloads\Fishing Game\Fishing Game\main.cpp(371,18): warning C4244: 'initializing': conversion from 'double' to 'float', possible loss of data
D:\Downloads\Fishing Game\Fishing Game\main.cpp(509,16): warning C4244: 'initializing': conversion from 'float' to 'int', possible loss of data
D:\Downloads\Fishing Game\Fishing Game\main.cpp(547,23): warning C4305: '-=': truncation from 'double' to 'float'
D:\Downloads\Fishing Game\Fishing Game\main.cpp(581,40): warning C4244: '=': conversion from 'double' to 'float', possible loss of data
D:\Downloads\Fishing Game\Fishing Game\main.cpp(582,25): warning C4244: '+=': conversion from 'double' to 'float', possible loss of data
D:\Downloads\Fishing Game\Fishing Game\main.cpp(596,27): warning C4244: '=': conversion from 'double' to 'float', possible loss of data
D:\Downloads\Fishing Game\Fishing Game\main.cpp(597,23): warning C4305: '=': truncation from 'double' to 'float'
D:\Downloads\Fishing Game\Fishing Game\main.cpp(693,67): warning C4305: 'argument': truncation from 'double' to 'float'
D:\Downloads\Fishing Game\Fishing Game\main.cpp(693,62): warning C4305: 'argument': truncation from 'double' to 'float'
D:\Downloads\Fishing Game\Fishing Game\main.cpp(693,57): warning C4305: 'argument': truncation from 'double' to 'float'
D:\Downloads\Fishing Game\Fishing Game\main.cpp(699,67): warning C4305: 'argument': truncation from 'double' to 'float'
D:\Downloads\Fishing Game\Fishing Game\main.cpp(699,62): warning C4305: 'argument': truncation from 'double' to 'float'
D:\Downloads\Fishing Game\Fishing Game\main.cpp(699,57): warning C4305: 'argument': truncation from 'double' to 'float'
D:\Downloads\Fishing Game\Fishing Game\main.cpp(704,67): warning C4305: 'argument': truncation from 'double' to 'float'
D:\Downloads\Fishing Game\Fishing Game\main.cpp(704,62): warning C4305: 'argument': truncation from 'double' to 'float'
D:\Downloads\Fishing Game\Fishing Game\main.cpp(704,57): warning C4305: 'argument': truncation from 'double' to 'float'
D:\Downloads\Fishing Game\Fishing Game\main.cpp(879,22): warning C4305: 'initializing': truncation from 'double' to 'float'
D:\Downloads\Fishing Game\Fishing Game\main.cpp(891,56): warning C4305: 'argument': truncation from 'double' to 'float'
D:\Downloads\Fishing Game\Fishing Game\main.cpp(891,46): warning C4305: 'argument': truncation from 'double' to 'float'
D:\Downloads\Fishing Game\Fishing Game\main.cpp(903,51): warning C4305: 'argument': truncation from 'double' to 'float'
D:\Downloads\Fishing Game\Fishing Game\main.cpp(903,46): warning C4305: 'argument': truncation from 'double' to 'float'
D:\Downloads\Fishing Game\Fishing Game\main.cpp(895,62): warning C4101: 'rotateZMatrix': unreferenced local variable
  stb_image.cpp
  Generating Code...
  LINK : D:\Downloads\Fishing Game\Fishing Game\x64\Debug\Project2.exe not found or not built by the last incremental link; performing full link
glfw3.lib(init.obj) : warning LNK4099: PDB '' was not found with 'glfw3.lib(init.obj)' or at ''; linking object as if no debug info
glfw3.lib(window.obj) : warning LNK4099: PDB '' was not found with 'glfw3.lib(window.obj)' or at ''; linking object as if no debug info
glfw3.lib(input.obj) : warning LNK4099: PDB '' was not found with 'glfw3.lib(input.obj)' or at ''; linking object as if no debug info
glfw3.lib(context.obj) : warning LNK4099: PDB '' was not found with 'glfw3.lib(context.obj)' or at ''; linking object as if no debug info
glfw3.lib(win32_init.obj) : warning LNK4099: PDB '' was not found with 'glfw3.lib(win32_init.obj)' or at ''; linking object as if no debug info
glfw3.lib(win32_monitor.obj) : warning LNK4099: PDB '' was not found with 'glfw3.lib(win32_monitor.obj)' or at ''; linking object as if no debug info
glfw3.lib(win32_time.obj) : warning LNK4099: PDB '' was not found with 'glfw3.lib(win32_time.obj)' or at ''; linking object as if no debug info
glfw3.lib(win32_thread.obj) : warning LNK4099: PDB '' was not found with 'glfw3.lib(win32_thread.obj)' or at ''; linking object as if no debug info
glfw3.lib(monitor.obj) : warning LNK4099: PDB '' was not found with 'glfw3.lib(monitor.obj)' or at ''; linking object as if no debug info
glfw3.lib(vulkan.obj) : warning LNK4099: PDB '' was not found with 'glfw3.lib(vulkan.obj)' or at ''; linking object as if no debug info
glfw3.lib(win32_window.obj) : warning LNK4099: PDB '' was not found with 'glfw3.lib(win32_window.obj)' or at ''; linking object as if no debug info
glfw3.lib(win32_joystick.obj) : warning LNK4099: PDB '' was not found with 'glfw3.lib(win32_joystick.obj)' or at ''; linking object as if no debug info
glfw3.lib(wgl_context.obj) : warning LNK4099: PDB '' was not found with 'glfw3.lib(wgl_context.obj)' or at ''; linking object as if no debug info
glfw3.lib(egl_context.obj) : warning LNK4099: PDB '' was not found with 'glfw3.lib(egl_context.obj)' or at ''; linking object as if no debug info
glfw3.lib(osmesa_context.obj) : warning LNK4099: PDB '' was not found with 'glfw3.lib(osmesa_context.obj)' or at ''; linking object as if no debug info
  Project2.vcxproj -> D:\Downloads\Fishing Game\Fishing Game\x64\Debug\Project2.exe
